<?xml version="1.0" encoding="UTF-8"?>
<!-- Generated by org.testng.reporters.JUnitReportReporter -->
<testsuite hostname="IMPETUS-NL652" failures="0" tests="5" name="CaseStudyAllTestone.casestudytestcases" time="0.972" errors="0" timestamp="2021-11-16T15:52:06 IST" skipped="0">
  <testcase classname="CaseStudyAllTestone.casestudytestcases" name="test_01" time="0.816"/>
  <system-out/>
  <testcase classname="CaseStudyAllTestone.casestudytestcases" name="test_02" time="0.032"/>
  <system-out/>
  <testcase classname="CaseStudyAllTestone.casestudytestcases" name="test_04" time="0.052"/>
  <system-out/>
  <testcase classname="CaseStudyAllTestone.casestudytestcases" name="test_05" time="0.050"/>
  <system-out/>
  <testcase classname="CaseStudyAllTestone.casestudytestcases" name="test_03" time="0.022"/>
  <system-out/>
</testsuite> <!-- CaseStudyAllTestone.casestudytestcases -->
