<?xml version="1.0" encoding="UTF-8"?>
<!-- Generated by org.testng.reporters.JUnitReportReporter -->
<testsuite hostname="IMPETUS-NL652" failures="0" tests="1" name="ExtentReportsTestNg.ExtentReportsTestNG" time="0.008" errors="0" timestamp="2021-10-29T19:49:22 IST" skipped="0">
  <testcase classname="ExtentReportsTestNg.ExtentReportsTestNG" name="Test1" time="0.008"/>
  <system-out/>
</testsuite> <!-- ExtentReportsTestNg.ExtentReportsTestNG -->
