<?xml version="1.0" encoding="UTF-8"?>
<!-- Generated by org.testng.reporters.JUnitReportReporter -->
<testsuite hostname="IMPETUS-NL652" failures="0" tests="1" name="maventestng.test1" time="2.476" errors="0" timestamp="2021-11-02T11:08:17 IST" skipped="0">
  <testcase classname="maventestng.test1" name="test_02" time="2.476"/>
  <system-out/>
</testsuite> <!-- maventestng.test1 -->
