<?xml version="1.0" encoding="UTF-8"?>
<!-- Generated by org.testng.reporters.JUnitReportReporter -->
<testsuite hostname="IMPETUS-NL652" failures="0" tests="1" name="maventestng.Test2" time="1.595" errors="0" timestamp="2021-11-02T17:14:36 IST" skipped="0">
  <testcase classname="maventestng.Test2" name="test_03" time="1.595"/>
  <system-out/>
</testsuite> <!-- maventestng.Test2 -->
