<?xml version="1.0" encoding="UTF-8"?>
<!-- Generated by org.testng.reporters.JUnitReportReporter -->
<testsuite hostname="IMPETUS-NL652" failures="0" tests="1" name="maventestng.ExtentReportsTestNG" time="1.619" errors="0" timestamp="2021-11-01T12:10:59 IST" skipped="0">
  <testcase classname="maventestng.ExtentReportsTestNG" name="test_01" time="1.619"/>
  <system-out/>
</testsuite> <!-- maventestng.ExtentReportsTestNG -->
