<?xml version="1.0" encoding="UTF-8"?>
<!-- Generated by org.testng.reporters.JUnitReportReporter -->
<testsuite hostname="IMPETUS-NL652" failures="0" tests="1" name="maventestng.Test0" time="2.479" errors="0" timestamp="2021-11-17T23:46:20 IST" skipped="0">
  <testcase classname="maventestng.Test0" name="test_01" time="2.479"/>
  <system-out/>
</testsuite> <!-- maventestng.Test0 -->
